Using pre-set license
Built from '2021.3/staging' branch; Version is '2021.3.11f1 (0a5ca18544bf) revision 679073'; Using compiler version '192829333'; Build Type 'Release'
OS: 'Windows 10  (10.0.19044) 64bit Core' Language: 'en' Physical Memory: 16062 MB
BatchMode: 1, IsHumanControllingUs: 0, StartBugReporterOnCrash: 0, Is64bit: 1, IsPro: 1

COMMAND LINE ARGUMENTS:
C:\Program Files\Unity\Hub\Editor\2021.3.11f1\Editor\Unity.exe
-adb2
-batchMode
-noUpm
-name
AssetImportWorker2
-projectPath
C:/Users/fdmcp/Documents/SCForMyGames/valorant2d/realyvalo/valorant2d
-logFile
Logs/AssetImportWorker2.log
-srvPort
54167
Successfully changed project path to: C:/Users/fdmcp/Documents/SCForMyGames/valorant2d/realyvalo/valorant2d
C:/Users/fdmcp/Documents/SCForMyGames/valorant2d/realyvalo/valorant2d
[UnityMemory] Configuration Parameters - Can be set up in boot.config
    "memorysetup-bucket-allocator-granularity=16"
    "memorysetup-bucket-allocator-bucket-count=8"
    "memorysetup-bucket-allocator-block-size=33554432"
    "memorysetup-bucket-allocator-block-count=8"
    "memorysetup-main-allocator-block-size=16777216"
    "memorysetup-thread-allocator-block-size=16777216"
    "memorysetup-gfx-main-allocator-block-size=16777216"
    "memorysetup-gfx-thread-allocator-block-size=16777216"
    "memorysetup-cache-allocator-block-size=4194304"
    "memorysetup-typetree-allocator-block-size=2097152"
    "memorysetup-profiler-bucket-allocator-granularity=16"
    "memorysetup-profiler-bucket-allocator-bucket-count=8"
    "memorysetup-profiler-bucket-allocator-block-size=33554432"
    "memorysetup-profiler-bucket-allocator-block-count=8"
    "memorysetup-profiler-allocator-block-size=16777216"
    "memorysetup-profiler-editor-allocator-block-size=1048576"
    "memorysetup-temp-allocator-size-main=16777216"
    "memorysetup-job-temp-allocator-block-size=2097152"
    "memorysetup-job-temp-allocator-block-size-background=1048576"
    "memorysetup-job-temp-allocator-reduction-small-platforms=262144"
    "memorysetup-temp-allocator-size-background-worker=32768"
    "memorysetup-temp-allocator-size-job-worker=262144"
    "memorysetup-temp-allocator-size-preload-manager=33554432"
    "memorysetup-temp-allocator-size-nav-mesh-worker=65536"
    "memorysetup-temp-allocator-size-audio-worker=65536"
    "memorysetup-temp-allocator-size-cloud-worker=32768"
    "memorysetup-temp-allocator-size-gi-baking-worker=262144"
    "memorysetup-temp-allocator-size-gfx=262144"
Refreshing native plugins compatible for Editor in 168.83 ms, found 4 plugins.
Preloading 0 native plugins for Editor in 0.00 ms.
Initialize engine version: 2021.3.11f1 (0a5ca18544bf)
[Subsystems] Discovering subsystems at path C:/Program Files/Unity/Hub/Editor/2021.3.11f1/Editor/Data/Resources/UnitySubsystems
[Subsystems] Discovering subsystems at path C:/Users/fdmcp/Documents/SCForMyGames/valorant2d/realyvalo/valorant2d/Assets
GfxDevice: creating device client; threaded=0; jobified=0
Direct3D:
    Version:  Direct3D 11.0 [level 11.1]
    Renderer: NVIDIA GeForce GTX 1080 Ti (ID=0x1b06)
    Vendor:   NVIDIA
    VRAM:     11120 MB
    Driver:   31.0.15.2698
Initialize mono
Mono path[0] = 'C:/Program Files/Unity/Hub/Editor/2021.3.11f1/Editor/Data/Managed'
Mono path[1] = 'C:/Program Files/Unity/Hub/Editor/2021.3.11f1/Editor/Data/MonoBleedingEdge/lib/mono/unityjit-win32'
Mono config path = 'C:/Program Files/Unity/Hub/Editor/2021.3.11f1/Editor/Data/MonoBleedingEdge/etc'
Using monoOptions --debugger-agent=transport=dt_socket,embedding=1,server=y,suspend=n,address=127.0.0.1:56132
Begin MonoManager ReloadAssembly
Registering precompiled unity dll's ...
Register platform support module: C:/Program Files/Unity/Hub/Editor/2021.3.11f1/Editor/Data/PlaybackEngines/WebGLSupport/UnityEditor.WebGL.Extensions.dll
Register platform support module: C:/Program Files/Unity/Hub/Editor/2021.3.11f1/Editor/Data/PlaybackEngines/MacStandaloneSupport/UnityEditor.OSXStandalone.Extensions.dll
Register platform support module: C:/Program Files/Unity/Hub/Editor/2021.3.11f1/Editor/Data/PlaybackEngines/AndroidPlayer/UnityEditor.Android.Extensions.dll
Register platform support module: C:/Program Files/Unity/Hub/Editor/2021.3.11f1/Editor/Data/PlaybackEngines/WindowsStandaloneSupport/UnityEditor.WindowsStandalone.Extensions.dll
Register platform support module: C:/Program Files/Unity/Hub/Editor/2021.3.11f1/Editor/Data/PlaybackEngines/LinuxStandaloneSupport/UnityEditor.LinuxStandalone.Extensions.dll
Registered in 0.014914 seconds.
Native extension for LinuxStandalone target not found
Native extension for WindowsStandalone target not found
Native extension for Android target not found
Native extension for OSXStandalone target not found
Native extension for WebGL target not found
Refreshing native plugins compatible for Editor in 150.51 ms, found 4 plugins.
Preloading 0 native plugins for Editor in 0.00 ms.
Mono: successfully reloaded assembly
- Completed reload, in  0.919 seconds
Domain Reload Profiling:
	ReloadAssembly (919ms)
		BeginReloadAssembly (100ms)
			ExecutionOrderSort (0ms)
			DisableScriptedObjects (0ms)
			BackupInstance (0ms)
			ReleaseScriptingObjects (0ms)
			CreateAndSetChildDomain (1ms)
		EndReloadAssembly (677ms)
			LoadAssemblies (96ms)
			RebuildTransferFunctionScriptingTraits (0ms)
			SetupTypeCache (151ms)
			ReleaseScriptCaches (0ms)
			RebuildScriptCaches (33ms)
			SetupLoadedEditorAssemblies (432ms)
				LogAssemblyErrors (0ms)
				InitializePlatformSupportModulesInManaged (95ms)
				SetLoadedEditorAssemblies (0ms)
				RefreshPlugins (151ms)
				BeforeProcessingInitializeOnLoad (2ms)
				ProcessInitializeOnLoadAttributes (140ms)
				ProcessInitializeOnLoadMethodAttributes (45ms)
				AfterProcessingInitializeOnLoad (0ms)
				EditorAssembliesLoaded (0ms)
			ExecutionOrderSort2 (0ms)
			AwakeInstancesAfterBackupRestoration (0ms)
Platform modules already initialized, skipping
Registering precompiled user dll's ...
Registered in 0.020955 seconds.
Begin MonoManager ReloadAssembly
Symbol file LoadedFromMemory doesn't match image C:\Users\fdmcp\Documents\SCForMyGames\valorant2d\realyvalo\valorant2d\Library\PackageCache\com.unity.visualscripting@1.7.8\Editor\VisualScripting.Core\Dependencies\YamlDotNet\Unity.VisualScripting.YamlDotNet.dll
Symbol file LoadedFromMemory doesn't match image C:\Users\fdmcp\Documents\SCForMyGames\valorant2d\realyvalo\valorant2d\Library\PackageCache\com.unity.visualscripting@1.7.8\Editor\VisualScripting.Core\Dependencies\DotNetZip\Unity.VisualScripting.IonicZip.dll
Native extension for LinuxStandalone target not found
Native extension for WindowsStandalone target not found
Native extension for Android target not found
Native extension for OSXStandalone target not found
Native extension for WebGL target not found
Refreshing native plugins compatible for Editor in 140.62 ms, found 4 plugins.
Preloading 0 native plugins for Editor in 0.00 ms.
Mono: successfully reloaded assembly
- Completed reload, in  2.038 seconds
Domain Reload Profiling:
	ReloadAssembly (2039ms)
		BeginReloadAssembly (289ms)
			ExecutionOrderSort (0ms)
			DisableScriptedObjects (9ms)
			BackupInstance (0ms)
			ReleaseScriptingObjects (0ms)
			CreateAndSetChildDomain (152ms)
		EndReloadAssembly (1592ms)
			LoadAssemblies (147ms)
			RebuildTransferFunctionScriptingTraits (0ms)
			SetupTypeCache (419ms)
			ReleaseScriptCaches (1ms)
			RebuildScriptCaches (101ms)
			SetupLoadedEditorAssemblies (866ms)
				LogAssemblyErrors (0ms)
				InitializePlatformSupportModulesInManaged (34ms)
				SetLoadedEditorAssemblies (0ms)
				RefreshPlugins (141ms)
				BeforeProcessingInitializeOnLoad (208ms)
				ProcessInitializeOnLoadAttributes (330ms)
				ProcessInitializeOnLoadMethodAttributes (135ms)
				AfterProcessingInitializeOnLoad (18ms)
				EditorAssembliesLoaded (0ms)
			ExecutionOrderSort2 (0ms)
			AwakeInstancesAfterBackupRestoration (8ms)
Platform modules already initialized, skipping
========================================================================
Worker process is ready to serve import requests
Launched and connected shader compiler UnityShaderCompiler.exe after 0.06 seconds
Refreshing native plugins compatible for Editor in 3.28 ms, found 4 plugins.
Preloading 0 native plugins for Editor in 0.00 ms.
Unloading 5685 Unused Serialized files (Serialized files now loaded: 0)
Unloading 49 unused Assets / (0.7 MB). Loaded Objects now: 6138.
Memory consumption went from 222.6 MB to 221.9 MB.
Total: 7.980500 ms (FindLiveObjects: 0.700800 ms CreateObjectMapping: 0.709500 ms MarkObjects: 5.759700 ms  DeleteObjects: 0.809100 ms)

AssetImportParameters requested are different than current active one (requested -> active):
  custom:video-decoder-ogg-theora: a1e56fd34408186e4bbccfd4996cb3dc -> 
  custom:container-muxer-webm: aa71ff27fc2769a1b78a27578f13a17b -> 
  custom:container-demuxer-webm: 4f35f7cbe854078d1ac9338744f61a02 -> 
  custom:video-encoder-webm-vp8: eb34c28f22e8b96e1ab97ce403110664 -> 
  custom:video-codec-MediaFoundation-h265: 746d11721c4dcdbdad8f713fa42b33f4 -> 
  custom:audio-encoder-webm-vorbis: bf7c407c2cedff20999df2af8eb42d56 -> 
  custom:framework-win-MediaFoundation: 216162199b28c13a410421893ffa2e32 -> 
  custom:container-demuxer-ogg: 62fdf1f143b41e24485cea50d1cbac27 -> 
  custom:video-decoder-webm-vp8: 9c59270c3fd7afecdb556c50c9e8de78 -> 
  custom:audio-decoder-ogg-vorbis: bf7c407c2cedff20999df2af8eb42d56 -> 
========================================================================
Received Import Request.
  Time since last request: 29560.433446 seconds.
  path: Assets/Sprites/meetal.png
  artifactKey: Guid(8ff965fea2ad061488da10706669a2d9) Importer(815301076,1909f56bfc062723c751e8b465ee728b)
Start importing Assets/Sprites/meetal.png using Guid(8ff965fea2ad061488da10706669a2d9) Importer(815301076,1909f56bfc062723c751e8b465ee728b)  -> (artifact id: 'e15d12dd2f751749b79e724372698145') in 0.226292 seconds 
========================================================================
Received Import Request.
  Time since last request: 0.000031 seconds.
  path: Assets/Sprites/spike.png
  artifactKey: Guid(738f2e46dd5a45342b61018d6aa6fd80) Importer(815301076,1909f56bfc062723c751e8b465ee728b)
Start importing Assets/Sprites/spike.png using Guid(738f2e46dd5a45342b61018d6aa6fd80) Importer(815301076,1909f56bfc062723c751e8b465ee728b)  -> (artifact id: '49860fd6907a654600e93e2bc44ee2db') in 0.084883 seconds 
========================================================================
Received Import Request.
  Time since last request: 0.000116 seconds.
  path: Assets/Sprites/grass.png
  artifactKey: Guid(6f6ef41cde2f1ee46b0ba535ae92514b) Importer(815301076,1909f56bfc062723c751e8b465ee728b)
Start importing Assets/Sprites/grass.png using Guid(6f6ef41cde2f1ee46b0ba535ae92514b) Importer(815301076,1909f56bfc062723c751e8b465ee728b)  -> (artifact id: 'a6c170c6e213b0d9554e2818a111c909') in 0.061924 seconds 
========================================================================
Received Import Request.
  Time since last request: 0.000041 seconds.
  path: Assets/Sprites/Spectre.png
  artifactKey: Guid(54c33dc73cf441d4098e046d9e0d5e65) Importer(815301076,1909f56bfc062723c751e8b465ee728b)
Start importing Assets/Sprites/Spectre.png using Guid(54c33dc73cf441d4098e046d9e0d5e65) Importer(815301076,1909f56bfc062723c751e8b465ee728b)  -> (artifact id: '3eba31d064d750ae142dfcd2e8e788f5') in 0.021010 seconds 
========================================================================
Received Import Request.
  Time since last request: 0.000045 seconds.
  path: Assets/Sprites/8d08dadc48cb427ec717ed6c0f47d0aft2COgRlZPpAXto3P-4.png
  artifactKey: Guid(ab5f3e9272c012e48b75a9ae0f50944a) Importer(815301076,1909f56bfc062723c751e8b465ee728b)
Start importing Assets/Sprites/8d08dadc48cb427ec717ed6c0f47d0aft2COgRlZPpAXto3P-4.png using Guid(ab5f3e9272c012e48b75a9ae0f50944a) Importer(815301076,1909f56bfc062723c751e8b465ee728b)  -> (artifact id: 'a1020d079f9f45951c037cc90a3a002d') in 0.078849 seconds 
========================================================================
Received Import Request.
  Time since last request: 0.000059 seconds.
  path: Assets/Sprites/grasss (2) 1.png
  artifactKey: Guid(cf9e8bcd9a322be4d8d497774f99aee0) Importer(815301076,1909f56bfc062723c751e8b465ee728b)
Start importing Assets/Sprites/grasss (2) 1.png using Guid(cf9e8bcd9a322be4d8d497774f99aee0) Importer(815301076,1909f56bfc062723c751e8b465ee728b)  -> (artifact id: '4ee09198b1afcefe2559a17d92aff30b') in 0.061642 seconds 
========================================================================
Received Import Request.
  Time since last request: 0.000044 seconds.
  path: Assets/Sprites/neonreal (2).png
  artifactKey: Guid(fa6a18668cd4e63488b1f6af16c837a2) Importer(815301076,1909f56bfc062723c751e8b465ee728b)
Start importing Assets/Sprites/neonreal (2).png using Guid(fa6a18668cd4e63488b1f6af16c837a2) Importer(815301076,1909f56bfc062723c751e8b465ee728b)  -> (artifact id: '6a891b86468dce6e53550aab3ad780c2') in 0.034298 seconds 
========================================================================
Received Import Request.
  Time since last request: 0.000037 seconds.
  path: Assets/Sprites/BulletTrail.png
  artifactKey: Guid(475447217b095394b842c252d8d95d33) Importer(815301076,1909f56bfc062723c751e8b465ee728b)
Start importing Assets/Sprites/BulletTrail.png using Guid(475447217b095394b842c252d8d95d33) Importer(815301076,1909f56bfc062723c751e8b465ee728b)  -> (artifact id: '0be959f19b795a9ceaf6826fe240e463') in 0.036796 seconds 
========================================================================
Received Import Request.
  Time since last request: 0.496074 seconds.
  path: Assets/Scripts/Movement.cs
  artifactKey: Guid(fd7f596d62d033a48bcc991aa1121dbb) Importer(815301076,1909f56bfc062723c751e8b465ee728b)
Start importing Assets/Scripts/Movement.cs using Guid(fd7f596d62d033a48bcc991aa1121dbb) Importer(815301076,1909f56bfc062723c751e8b465ee728b)  -> (artifact id: '5f4b7215c280055c854d00ab3942acb6') in 0.034716 seconds 
========================================================================
Received Prepare
Registering precompiled user dll's ...
Registered in 0.011983 seconds.
Begin MonoManager ReloadAssembly
Symbol file LoadedFromMemory doesn't match image C:\Users\fdmcp\Documents\SCForMyGames\valorant2d\realyvalo\valorant2d\Library\PackageCache\com.unity.visualscripting@1.7.8\Editor\VisualScripting.Core\Dependencies\YamlDotNet\Unity.VisualScripting.YamlDotNet.dll
Symbol file LoadedFromMemory doesn't match image C:\Users\fdmcp\Documents\SCForMyGames\valorant2d\realyvalo\valorant2d\Library\PackageCache\com.unity.visualscripting@1.7.8\Editor\VisualScripting.Core\Dependencies\DotNetZip\Unity.VisualScripting.IonicZip.dll
Native extension for LinuxStandalone target not found
Native extension for WindowsStandalone target not found
Native extension for Android target not found
Native extension for OSXStandalone target not found
Native extension for WebGL target not found
Refreshing native plugins compatible for Editor in 1.24 ms, found 4 plugins.
Preloading 0 native plugins for Editor in 0.00 ms.
Mono: successfully reloaded assembly
- Completed reload, in  1.716 seconds
Domain Reload Profiling:
	ReloadAssembly (1717ms)
		BeginReloadAssembly (209ms)
			ExecutionOrderSort (0ms)
			DisableScriptedObjects (8ms)
			BackupInstance (0ms)
			ReleaseScriptingObjects (0ms)
			CreateAndSetChildDomain (78ms)
		EndReloadAssembly (1374ms)
			LoadAssemblies (133ms)
			RebuildTransferFunctionScriptingTraits (0ms)
			SetupTypeCache (407ms)
			ReleaseScriptCaches (2ms)
			RebuildScriptCaches (69ms)
			SetupLoadedEditorAssemblies (668ms)
				LogAssemblyErrors (0ms)
				InitializePlatformSupportModulesInManaged (29ms)
				SetLoadedEditorAssemblies (0ms)
				RefreshPlugins (1ms)
				BeforeProcessingInitializeOnLoad (141ms)
				ProcessInitializeOnLoadAttributes (332ms)
				ProcessInitializeOnLoadMethodAttributes (153ms)
				AfterProcessingInitializeOnLoad (12ms)
				EditorAssembliesLoaded (0ms)
			ExecutionOrderSort2 (0ms)
			AwakeInstancesAfterBackupRestoration (18ms)
Platform modules already initialized, skipping
Refreshing native plugins compatible for Editor in 4.22 ms, found 4 plugins.
Preloading 0 native plugins for Editor in 0.00 ms.
Unloading 5540 Unused Serialized files (Serialized files now loaded: 0)
Unloading 35 unused Assets / (0.7 MB). Loaded Objects now: 6163.
Memory consumption went from 216.4 MB to 215.7 MB.
Total: 5.845800 ms (FindLiveObjects: 0.681600 ms CreateObjectMapping: 0.959200 ms MarkObjects: 3.823400 ms  DeleteObjects: 0.380200 ms)

AssetImportParameters requested are different than current active one (requested -> active):
  custom:video-decoder-ogg-theora: a1e56fd34408186e4bbccfd4996cb3dc -> 
  custom:container-muxer-webm: aa71ff27fc2769a1b78a27578f13a17b -> 
  custom:container-demuxer-webm: 4f35f7cbe854078d1ac9338744f61a02 -> 
  custom:video-encoder-webm-vp8: eb34c28f22e8b96e1ab97ce403110664 -> 
  custom:video-codec-MediaFoundation-h265: 746d11721c4dcdbdad8f713fa42b33f4 -> 
  custom:audio-encoder-webm-vorbis: bf7c407c2cedff20999df2af8eb42d56 -> 
  custom:framework-win-MediaFoundation: 216162199b28c13a410421893ffa2e32 -> 
  custom:container-demuxer-ogg: 62fdf1f143b41e24485cea50d1cbac27 -> 
  custom:video-decoder-webm-vp8: 9c59270c3fd7afecdb556c50c9e8de78 -> 
  custom:audio-decoder-ogg-vorbis: bf7c407c2cedff20999df2af8eb42d56 -> 
========================================================================
Received Import Request.
  Time since last request: 185.527038 seconds.
  path: Assets/Scenes/Haven.unity
  artifactKey: Guid(8c9cfa26abfee488c85f1582747f6a02) Importer(815301076,1909f56bfc062723c751e8b465ee728b)
Start importing Assets/Scenes/Haven.unity using Guid(8c9cfa26abfee488c85f1582747f6a02) Importer(815301076,1909f56bfc062723c751e8b465ee728b)  -> (artifact id: 'dbf923d27e7093536b0430c7aaac444c') in 0.029879 seconds 
========================================================================
Received Import Request.
  Time since last request: 3.367919 seconds.
  path: Assets/Resources
  artifactKey: Guid(dadcc47b3358ff34e9fbcc59f43840c9) Importer(815301076,1909f56bfc062723c751e8b465ee728b)
Start importing Assets/Resources using Guid(dadcc47b3358ff34e9fbcc59f43840c9) Importer(815301076,1909f56bfc062723c751e8b465ee728b)  -> (artifact id: '4ca8d4012bb76c1fb57d064197e55468') in 0.012974 seconds 
========================================================================
Received Import Request.
  Time since last request: 1.153676 seconds.
  path: Assets/Resources/PhotonPrefabs
  artifactKey: Guid(deaa9c21723e25345bfbedb8d2658dac) Importer(815301076,1909f56bfc062723c751e8b465ee728b)
Start importing Assets/Resources/PhotonPrefabs using Guid(deaa9c21723e25345bfbedb8d2658dac) Importer(815301076,1909f56bfc062723c751e8b465ee728b)  -> (artifact id: '3e00065a53558eed33115f0d6204abf5') in 0.011832 seconds 
========================================================================
Received Import Request.
  Time since last request: 0.025913 seconds.
  path: Assets/Resources/PhotonPrefabs/bullets.prefab
  artifactKey: Guid(c4390e3496e5d454fb79c3b2ef2dbf8d) Importer(815301076,1909f56bfc062723c751e8b465ee728b)
Start importing Assets/Resources/PhotonPrefabs/bullets.prefab using Guid(c4390e3496e5d454fb79c3b2ef2dbf8d) Importer(815301076,1909f56bfc062723c751e8b465ee728b)  -> (artifact id: 'feca662cd8da9cc17675bdd005a34d14') in 0.235515 seconds 
========================================================================
Received Import Request.
  Time since last request: 0.000035 seconds.
  path: Assets/Resources/PhotonPrefabs/MinimapCamera.prefab
  artifactKey: Guid(216e69d3dbbaeb340b2e51610b2a3f38) Importer(815301076,1909f56bfc062723c751e8b465ee728b)
Start importing Assets/Resources/PhotonPrefabs/MinimapCamera.prefab using Guid(216e69d3dbbaeb340b2e51610b2a3f38) Importer(815301076,1909f56bfc062723c751e8b465ee728b)  -> (artifact id: '0985f3e0f1ef88ba3bf2b84f2732c400') in 0.015120 seconds 
========================================================================
Received Import Request.
  Time since last request: 0.000050 seconds.
  path: Assets/Resources/PhotonPrefabs/KillFeedItem.prefab
  artifactKey: Guid(3fadb69fb99a18b43a0364d8d3f374a1) Importer(815301076,1909f56bfc062723c751e8b465ee728b)
Start importing Assets/Resources/PhotonPrefabs/KillFeedItem.prefab using Guid(3fadb69fb99a18b43a0364d8d3f374a1) Importer(815301076,1909f56bfc062723c751e8b465ee728b)  -> (artifact id: 'f1a6cc059796b25a0f2e2bb3ef0221eb') in 0.071067 seconds 
========================================================================
Received Import Request.
  Time since last request: 0.000078 seconds.
  path: Assets/Resources/PhotonPrefabs/Smoke.prefab
  artifactKey: Guid(468b76c7d953b5d46a7179f81fd278cd) Importer(815301076,1909f56bfc062723c751e8b465ee728b)
Start importing Assets/Resources/PhotonPrefabs/Smoke.prefab using Guid(468b76c7d953b5d46a7179f81fd278cd) Importer(815301076,1909f56bfc062723c751e8b465ee728b)  -> (artifact id: '06f6a27d9563d211f9d3660c3df8ff37') in 0.012940 seconds 
========================================================================
Received Import Request.
  Time since last request: 0.000037 seconds.
  path: Assets/Resources/PhotonPrefabs/PlayerManager.prefab
  artifactKey: Guid(c1772ef29059e15478bc446d06a6e460) Importer(815301076,1909f56bfc062723c751e8b465ee728b)
Start importing Assets/Resources/PhotonPrefabs/PlayerManager.prefab using Guid(c1772ef29059e15478bc446d06a6e460) Importer(815301076,1909f56bfc062723c751e8b465ee728b)  -> (artifact id: '00e781a2a7b4a456b57b065ea50a77d0') in 0.015166 seconds 
========================================================================
Received Import Request.
  Time since last request: 0.000041 seconds.
  path: Assets/Resources/PhotonPrefabs/spike.prefab
  artifactKey: Guid(7b4f0a23dc1b7fb43921dedf49f595c1) Importer(815301076,1909f56bfc062723c751e8b465ee728b)
Start importing Assets/Resources/PhotonPrefabs/spike.prefab using Guid(7b4f0a23dc1b7fb43921dedf49f595c1) Importer(815301076,1909f56bfc062723c751e8b465ee728b)  -> (artifact id: 'ed0cdfa8dd336c50028c4f5b19c5eec3') in 0.020126 seconds 
========================================================================
Received Import Request.
  Time since last request: 0.000030 seconds.
  path: Assets/Resources/PhotonPrefabs/map.png
  artifactKey: Guid(acfeb43538287874ab0933bc5be66d57) Importer(815301076,1909f56bfc062723c751e8b465ee728b)
Start importing Assets/Resources/PhotonPrefabs/map.png using Guid(acfeb43538287874ab0933bc5be66d57) Importer(815301076,1909f56bfc062723c751e8b465ee728b)  -> (artifact id: 'f99f82f9c8a82509f34174ee4cafe94f') in 0.169982 seconds 
